1361063131374|-1||debug||com.p6spy.engine.common.P6SpyOptions reloading properties
1361063131390|-1||info||Using properties file: D:\develop\workspace\tx-parent\tx-core\target\classes\spy.properties
1361063131390|-1||info||No value in environment for: getAppender, using: com.tx.core.log.p6spy.P6SpyLogbackLogger
1361063131390|-1||info||No value in environment for: getRealDataSource, using: null
1361063131390|-1||info||No value in environment for: getJNDIContextFactory, using: null
1361063131390|-1||info||No value in environment for: getJNDIContextProviderURL, using: null
1361063131390|-1||info||No value in environment for: getJNDIContextCustom, using: null
1361063131390|-1||info||No value in environment for: getRealDataSourceProperties, using: null
1361063131390|-1||info||No value in environment for: getDeregisterDrivers, using: true
1361063131390|-1||info||No value in environment for: getUsePrefix, using: false
1361063131390|-1||info||No value in environment for: getExecutionThreshold, using: 0
1361063131390|-1||info||No value in environment for: getAutoflush, using: true
1361063131390|-1||info||No value in environment for: getExclude, using: 
1361063131390|-1||info||No value in environment for: getExcludecategories, using: info,debug,result,batch
1361063131390|-1||info||No value in environment for: getInclude, using: 
1361063131390|-1||info||No value in environment for: getIncludecategories, using: 
1361063131390|-1||info||No value in environment for: getLogfile, using: d:/logs/spy.log
1361063131390|-1||info||No value in environment for: getRealdriver, using: null
1361063131390|-1||info||No value in environment for: getRealdriver2, using: null
1361063131390|-1||info||No value in environment for: getRealdriver3, using: null
1361063131390|-1||info||No value in environment for: getAppend, using: false
1361063131390|-1||info||No value in environment for: getSpydriver, using: com.p6spy.engine.spy.P6SpyDriver
1361063131390|-1||info||No value in environment for: getDateformat, using: 
1361063131390|-1||info||No value in environment for: getDateformatter, using: null
1361063131390|-1||info||No value in environment for: getStringmatcher, using: com.p6spy.engine.common.SubstringMatcher
1361063131390|-1||info||No value in environment for: getStringMatcherEngine, using: com.p6spy.engine.common.SubstringMatcher@1697b67
1361063131390|-1||info||No value in environment for: getStackTraceClass, using: 
1361063131390|-1||info||No value in environment for: getSQLExpression, using: null
1361063131390|-1||info||No value in environment for: getReloadProperties, using: false
1361063131390|-1||info||No value in environment for: getReloadPropertiesInterval, using: 60
1361063131390|-1||info||No value in environment for: getRealDataSourceClass, using: null
1361063131390|-1||info||No value in environment for: getStackTrace, using: false
1361063131390|-1||info||No value in environment for: getFilter, using: false
